<?xml version="1.0" encoding="UTF-8"?>
<!-- Generated by org.testng.reporters.JUnitReportReporter -->
<testsuite hostname="Amt" failures="0" tests="1" name="DownloadAndUpload.excelFileDownloadAndUpload.CreateUniqueFolderAndPermanentSubfolder" time="8.441" errors="0" timestamp="2024-09-24T21:56:39 IST" skipped="0">
  <testcase classname="DownloadAndUpload.excelFileDownloadAndUpload.CreateUniqueFolderAndPermanentSubfolder" name="createFolder" time="8.441"/>
  <system-out/>
</testsuite> <!-- DownloadAndUpload.excelFileDownloadAndUpload.CreateUniqueFolderAndPermanentSubfolder -->
