<?xml version="1.0" encoding="UTF-8"?>
<!-- Generated by org.testng.reporters.JUnitReportReporter -->
<testsuite hostname="Amt" failures="0" tests="1" name="DownloadAndUpload.excelFileDownloadAndUpload.UploadDownload" time="14.493" errors="0" timestamp="2024-09-29T22:16:26 IST" skipped="0">
  <testcase classname="DownloadAndUpload.excelFileDownloadAndUpload.UploadDownload" name="getUploadDownload" time="14.493"/>
  <system-out/>
</testsuite> <!-- DownloadAndUpload.excelFileDownloadAndUpload.UploadDownload -->
