<?xml version="1.0" encoding="UTF-8"?>
<!-- Generated by org.testng.reporters.JUnitReportReporter -->
<testsuite hostname="Amt" failures="0" tests="1" name="DownloadAndUpload.excelFileDownloadAndUpload.UploadDownload" time="13.658" errors="0" timestamp="2024-10-03T21:01:35 IST" skipped="0">
  <testcase classname="DownloadAndUpload.excelFileDownloadAndUpload.UploadDownload" name="getUploadDownload" time="13.658"/>
  <system-out/>
</testsuite> <!-- DownloadAndUpload.excelFileDownloadAndUpload.UploadDownload -->
